# JRE version: OpenJDK Runtime Environment (8.0_152-b01) (build 1.8.0_152-release-1343-b01)
# Java VM: OpenJDK 64-Bit Server VM (25.152-b01 mixed mode bsd-amd64 compressed oops)
Heap:
 PSYoungGen      total 316416K, used 308206K [0x00000007a0000000, 0x00000007b8780000, 0x00000007c0000000)
  eden space 261120K, 98% used [0x00000007a0000000,0x00000007afb4c780,0x00000007aff00000)
  from space 55296K, 92% used [0x00000007b3c00000,0x00000007b6daf2b8,0x00000007b7200000)
  to   space 62464K, 0% used [0x00000007aff00000,0x00000007aff00000,0x00000007b3c00000)
 ParOldGen       total 149504K, used 93764K [0x0000000760000000, 0x0000000769200000, 0x00000007a0000000)
  object space 149504K, 62% used [0x0000000760000000,0x0000000765b91108,0x0000000769200000)
 Metaspace       used 93217K, capacity 96786K, committed 97044K, reserved 1134592K
  class space    used 11905K, capacity 12564K, committed 12604K, reserved 1048576K
GC Heap History (10 events):
Event: 181.583 GC heap before
{Heap before GC invocations=15 (full 3):
 PSYoungGen      total 199680K, used 195148K [0x00000007a0000000, 0x00000007af680000, 0x00000007c0000000)
  eden space 180224K, 100% used [0x00000007a0000000,0x00000007ab000000,0x00000007ab000000)
  from space 19456K, 76% used [0x00000007ab000000,0x00000007abe93318,0x00000007ac300000)
  to   space 20480K, 0% used [0x00000007ae280000,0x00000007ae280000,0x00000007af680000)
 ParOldGen       total 149504K, used 33981K [0x0000000760000000, 0x0000000769200000, 0x00000007a0000000)
  object space 149504K, 22% used [0x0000000760000000,0x000000076212f570,0x0000000769200000)
 Metaspace       used 68000K, capacity 70236K, committed 70292K, reserved 1110016K
  class space    used 8874K, capacity 9385K, committed 9404K, reserved 1048576K
Event: 181.610 GC heap after
Heap after GC invocations=15 (full 3):
 PSYoungGen      total 227840K, used 14131K [0x00000007a0000000, 0x00000007af500000, 0x00000007c0000000)
  eden space 208896K, 0% used [0x00000007a0000000,0x00000007a0000000,0x00000007acc00000)
  from space 18944K, 74% used [0x00000007ae280000,0x00000007af04cc60,0x00000007af500000)
  to   space 20992K, 0% used [0x00000007acc00000,0x00000007acc00000,0x00000007ae080000)
 ParOldGen       total 149504K, used 33989K [0x0000000760000000, 0x0000000769200000, 0x00000007a0000000)
  object space 149504K, 22% used [0x0000000760000000,0x0000000762131570,0x0000000769200000)
 Metaspace       used 68000K, capacity 70236K, committed 70292K, reserved 1110016K
  class space    used 8874K, capacity 9385K, committed 9404K, reserved 1048576K
}
Event: 196.546 GC heap before
{Heap before GC invocations=16 (full 3):
 PSYoungGen      total 227840K, used 223027K [0x00000007a0000000, 0x00000007af500000, 0x00000007c0000000)
  eden space 208896K, 100% used [0x00000007a0000000,0x00000007acc00000,0x00000007acc00000)
  from space 18944K, 74% used [0x00000007ae280000,0x00000007af04cc60,0x00000007af500000)
  to   space 20992K, 0% used [0x00000007acc00000,0x00000007acc00000,0x00000007ae080000)
 ParOldGen       total 149504K, used 33989K [0x0000000760000000, 0x0000000769200000, 0x00000007a0000000)
  object space 149504K, 22% used [0x0000000760000000,0x0000000762131570,0x0000000769200000)
 Metaspace       used 77906K, capacity 80236K, committed 80532K, reserved 1120256K
  class space    used 10121K, capacity 10631K, committed 10684K, reserved 1048576K
Event: 196.646 GC heap after
Heap after GC invocations=16 (full 3):
 PSYoungGen      total 229888K, used 20977K [0x00000007a0000000, 0x00000007b2680000, 0x00000007c0000000)
  eden space 208896K, 0% used [0x00000007a0000000,0x00000007a0000000,0x00000007acc00000)
  from space 20992K, 99% used [0x00000007acc00000,0x00000007ae07c798,0x00000007ae080000)
  to   space 31232K, 0% used [0x00000007b0800000,0x00000007b0800000,0x00000007b2680000)
 ParOldGen       total 149504K, used 55122K [0x0000000760000000, 0x0000000769200000, 0x00000007a0000000)
  object space 149504K, 36% used [0x0000000760000000,0x00000007635d4a18,0x0000000769200000)
 Metaspace       used 77906K, capacity 80236K, committed 80532K, reserved 1120256K
  class space    used 10121K, capacity 10631K, committed 10684K, reserved 1048576K
}
Event: 200.226 GC heap before
{Heap before GC invocations=17 (full 3):
 PSYoungGen      total 229888K, used 229006K [0x00000007a0000000, 0x00000007b2680000, 0x00000007c0000000)
  eden space 208896K, 99% used [0x00000007a0000000,0x00000007acb27260,0x00000007acc00000)
  from space 20992K, 99% used [0x00000007acc00000,0x00000007ae07c798,0x00000007ae080000)
  to   space 31232K, 0% used [0x00000007b0800000,0x00000007b0800000,0x00000007b2680000)
 ParOldGen       total 149504K, used 55122K [0x0000000760000000, 0x0000000769200000, 0x00000007a0000000)
  object space 149504K, 36% used [0x0000000760000000,0x00000007635d4a18,0x0000000769200000)
 Metaspace       used 82050K, capacity 84464K, committed 84628K, reserved 1122304K
  class space    used 10538K, capacity 11069K, committed 11196K, reserved 1048576K
Event: 200.362 GC heap after
Heap after GC invocations=17 (full 3):
 PSYoungGen      total 251392K, used 31221K [0x00000007a0000000, 0x00000007b5600000, 0x00000007c0000000)
  eden space 220160K, 0% used [0x00000007a0000000,0x00000007a0000000,0x00000007ad700000)
  from space 31232K, 99% used [0x00000007b0800000,0x00000007b267d640,0x00000007b2680000)
  to   space 50176K, 0% used [0x00000007ad700000,0x00000007ad700000,0x00000007b0800000)
 ParOldGen       total 149504K, used 93756K [0x0000000760000000, 0x0000000769200000, 0x00000007a0000000)
  object space 149504K, 62% used [0x0000000760000000,0x0000000765b8f108,0x0000000769200000)
 Metaspace       used 82050K, capacity 84464K, committed 84628K, reserved 1122304K
  class space    used 10538K, capacity 11069K, committed 11196K, reserved 1048576K
}
Event: 202.527 GC heap before
{Heap before GC invocations=18 (full 3):
 PSYoungGen      total 251392K, used 251381K [0x00000007a0000000, 0x00000007b5600000, 0x00000007c0000000)
  eden space 220160K, 100% used [0x00000007a0000000,0x00000007ad700000,0x00000007ad700000)
  from space 31232K, 99% used [0x00000007b0800000,0x00000007b267d640,0x00000007b2680000)
  to   space 50176K, 0% used [0x00000007ad700000,0x00000007ad700000,0x00000007b0800000)
 ParOldGen       total 149504K, used 93756K [0x0000000760000000, 0x0000000769200000, 0x00000007a0000000)
  object space 149504K, 62% used [0x0000000760000000,0x0000000765b8f108,0x0000000769200000)
 Metaspace       used 83018K, capacity 85670K, committed 86036K, reserved 1124352K
  class space    used 10669K, capacity 11206K, committed 11324K, reserved 1048576K
Event: 202.601 GC heap after
Heap after GC invocations=18 (full 3):
 PSYoungGen      total 270336K, used 40413K [0x00000007a0000000, 0x00000007b7200000, 0x00000007c0000000)
  eden space 220160K, 0% used [0x00000007a0000000,0x00000007a0000000,0x00000007ad700000)
  from space 50176K, 80% used [0x00000007ad700000,0x00000007afe776b8,0x00000007b0800000)
  to   space 55296K, 0% used [0x00000007b3c00000,0x00000007b3c00000,0x00000007b7200000)
 ParOldGen       total 149504K, used 93756K [0x0000000760000000, 0x0000000769200000, 0x00000007a0000000)
  object space 149504K, 62% used [0x0000000760000000,0x0000000765b8f108,0x0000000769200000)
 Metaspace       used 83018K, capacity 85670K, committed 86036K, reserved 1124352K
  class space    used 10669K, capacity 11206K, committed 11324K, reserved 1048576K
}
Event: 205.245 GC heap before
{Heap before GC invocations=19 (full 3):
 PSYoungGen      total 270336K, used 260573K [0x00000007a0000000, 0x00000007b7200000, 0x00000007c0000000)
  eden space 220160K, 100% used [0x00000007a0000000,0x00000007ad700000,0x00000007ad700000)
  from space 50176K, 80% used [0x00000007ad700000,0x00000007afe776b8,0x00000007b0800000)
  to   space 55296K, 0% used [0x00000007b3c00000,0x00000007b3c00000,0x00000007b7200000)
 ParOldGen       total 149504K, used 93756K [0x0000000760000000, 0x0000000769200000, 0x00000007a0000000)
  object space 149504K, 62% used [0x0000000760000000,0x0000000765b8f108,0x0000000769200000)
 Metaspace       used 90402K, capacity 93608K, committed 93716K, reserved 1130496K
  class space    used 11622K, capacity 12247K, committed 12348K, reserved 1048576K
Event: 205.371 GC heap after
Heap after GC invocations=19 (full 3):
 PSYoungGen      total 316416K, used 50876K [0x00000007a0000000, 0x00000007b8780000, 0x00000007c0000000)
  eden space 261120K, 0% used [0x00000007a0000000,0x00000007a0000000,0x00000007aff00000)
  from space 55296K, 92% used [0x00000007b3c00000,0x00000007b6daf2b8,0x00000007b7200000)
  to   space 62464K, 0% used [0x00000007aff00000,0x00000007aff00000,0x00000007b3c00000)
 ParOldGen       total 149504K, used 93764K [0x0000000760000000, 0x0000000769200000, 0x00000007a0000000)
  object space 149504K, 62% used [0x0000000760000000,0x0000000765b91108,0x0000000769200000)
 Metaspace       used 90402K, capacity 93608K, committed 93716K, reserved 1130496K
  class space    used 11622K, capacity 12247K, committed 12348K, reserved 1048576K
}

